
=== Sun Sep  1 13:12:23 2024

Packages were changed.
Update Mode: updateDependencies

The following packages were added:
  com.unity.2d.sprite@1.0.0
  com.unity.2d.tilemap@1.0.0
  com.unity.ads@4.4.1
  com.unity.analytics@3.6.12
  com.unity.ide.rider@3.0.18
  com.unity.ide.visualstudio@2.0.17
  com.unity.ide.vscode@1.2.5
  com.unity.modules.androidjni@1.0.0
  com.unity.modules.cloth@1.0.0
  com.unity.modules.director@1.0.0
  com.unity.modules.terrainphysics@1.0.0
  com.unity.modules.tilemap@1.0.0
  com.unity.modules.uielements@1.0.0
  com.unity.modules.umbra@1.0.0
  com.unity.modules.unityanalytics@1.0.0
  com.unity.modules.vehicles@1.0.0
  com.unity.modules.video@1.0.0
  com.unity.modules.wind@1.0.0
  com.unity.purchasing@4.7.0
  com.unity.xr.legacyinputhelpers@2.1.10
The following packages were updated:
  com.unity.collab-proxy from version 1.17.6 to 2.0.1
  com.unity.learn.iet-framework from version 2.2.3 to 3.1.1
  com.unity.render-pipelines.universal from version 12.1.7 to 12.1.10
